ERROR - 2021-12-23 03:16:21 --> Error connecting to the database: No connection could be made because the target machine actively refused it.

CRITICAL - 2021-12-23 03:16:21 --> Unable to connect to the database.
Main connection [MySQLi]: No connection could be made because the target machine actively refused it.

#0 C:\Users\Yusuf Bagus SH\Documents\GitHub\perpustakaan-daerah\vendor\codeigniter4\framework\system\Database\BaseConnection.php(577): CodeIgniter\Database\BaseConnection->initialize()
#1 C:\Users\Yusuf Bagus SH\Documents\GitHub\perpustakaan-daerah\vendor\codeigniter4\framework\system\Database\BaseBuilder.php(1443): CodeIgniter\Database\BaseConnection->query('SELECT *\nFROM `...', Array, false)
#2 C:\Users\Yusuf Bagus SH\Documents\GitHub\perpustakaan-daerah\vendor\myth\auth\src\Models\LoginModel.php(61): CodeIgniter\Database\BaseBuilder->get()
#3 C:\Users\Yusuf Bagus SH\Documents\GitHub\perpustakaan-daerah\vendor\myth\auth\src\Authentication\LocalAuthenticator.php(93): Myth\Auth\Models\LoginModel->getRememberToken('f5e998e4bcde49e...')
#4 C:\Users\Yusuf Bagus SH\Documents\GitHub\perpustakaan-daerah\vendor\myth\auth\src\Filters\LoginFilter.php(45): Myth\Auth\Authentication\LocalAuthenticator->check()
#5 C:\Users\Yusuf Bagus SH\Documents\GitHub\perpustakaan-daerah\vendor\codeigniter4\framework\system\Filters\Filters.php(173): Myth\Auth\Filters\LoginFilter->before(Object(CodeIgniter\HTTP\IncomingRequest), NULL)
#6 C:\Users\Yusuf Bagus SH\Documents\GitHub\perpustakaan-daerah\vendor\codeigniter4\framework\system\CodeIgniter.php(384): CodeIgniter\Filters\Filters->run('/', 'before')
#7 C:\Users\Yusuf Bagus SH\Documents\GitHub\perpustakaan-daerah\vendor\codeigniter4\framework\system\CodeIgniter.php(318): CodeIgniter\CodeIgniter->handleRequest(NULL, Object(Config\Cache), false)
#8 C:\Users\Yusuf Bagus SH\Documents\GitHub\perpustakaan-daerah\public\index.php(37): CodeIgniter\CodeIgniter->run()
#9 C:\Users\Yusuf Bagus SH\Documents\GitHub\perpustakaan-daerah\vendor\codeigniter4\framework\system\Commands\Server\rewrite.php(43): require_once('C:\\Users\\Yusuf ...')
#10 {main}
CRITICAL - 2021-12-23 21:39:14 --> Undefined variable: rows
#0 C:\Users\Yusuf Bagus SH\Documents\GitHub\perpustakaan-daerah\app\Views\Anggota\ListBuku.php(10): CodeIgniter\Debug\Exceptions->errorHandler(8, 'Undefined varia...', 'C:\\Users\\Yusuf ...', 10, Array)
#1 C:\Users\Yusuf Bagus SH\Documents\GitHub\perpustakaan-daerah\vendor\codeigniter4\framework\system\View\View.php(214): include('C:\\Users\\Yusuf ...')
#2 C:\Users\Yusuf Bagus SH\Documents\GitHub\perpustakaan-daerah\vendor\codeigniter4\framework\system\View\View.php(217): CodeIgniter\View\View->CodeIgniter\View\{closure}()
#3 C:\Users\Yusuf Bagus SH\Documents\GitHub\perpustakaan-daerah\vendor\codeigniter4\framework\system\Common.php(1097): CodeIgniter\View\View->render('anggota/listbuk...', Array, true)
#4 C:\Users\Yusuf Bagus SH\Documents\GitHub\perpustakaan-daerah\app\Controllers\Anggota.php(185): view('anggota/listbuk...')
#5 C:\Users\Yusuf Bagus SH\Documents\GitHub\perpustakaan-daerah\vendor\codeigniter4\framework\system\CodeIgniter.php(824): App\Controllers\Anggota->listbuku()
#6 C:\Users\Yusuf Bagus SH\Documents\GitHub\perpustakaan-daerah\vendor\codeigniter4\framework\system\CodeIgniter.php(410): CodeIgniter\CodeIgniter->runController(Object(App\Controllers\Anggota))
#7 C:\Users\Yusuf Bagus SH\Documents\GitHub\perpustakaan-daerah\vendor\codeigniter4\framework\system\CodeIgniter.php(318): CodeIgniter\CodeIgniter->handleRequest(NULL, Object(Config\Cache), false)
#8 C:\Users\Yusuf Bagus SH\Documents\GitHub\perpustakaan-daerah\public\index.php(37): CodeIgniter\CodeIgniter->run()
#9 C:\Users\Yusuf Bagus SH\Documents\GitHub\perpustakaan-daerah\vendor\codeigniter4\framework\system\Commands\Server\rewrite.php(43): require_once('C:\\Users\\Yusuf ...')
#10 {main}
CRITICAL - 2021-12-23 21:42:02 --> Undefined property: App\Controllers\Anggota::$bukuModel
#0 C:\Users\Yusuf Bagus SH\Documents\GitHub\perpustakaan-daerah\app\Controllers\Anggota.php(187): CodeIgniter\Debug\Exceptions->errorHandler(8, 'Undefined prope...', 'C:\\Users\\Yusuf ...', 187, Array)
#1 C:\Users\Yusuf Bagus SH\Documents\GitHub\perpustakaan-daerah\vendor\codeigniter4\framework\system\CodeIgniter.php(824): App\Controllers\Anggota->listbuku()
#2 C:\Users\Yusuf Bagus SH\Documents\GitHub\perpustakaan-daerah\vendor\codeigniter4\framework\system\CodeIgniter.php(410): CodeIgniter\CodeIgniter->runController(Object(App\Controllers\Anggota))
#3 C:\Users\Yusuf Bagus SH\Documents\GitHub\perpustakaan-daerah\vendor\codeigniter4\framework\system\CodeIgniter.php(318): CodeIgniter\CodeIgniter->handleRequest(NULL, Object(Config\Cache), false)
#4 C:\Users\Yusuf Bagus SH\Documents\GitHub\perpustakaan-daerah\public\index.php(37): CodeIgniter\CodeIgniter->run()
#5 C:\Users\Yusuf Bagus SH\Documents\GitHub\perpustakaan-daerah\vendor\codeigniter4\framework\system\Commands\Server\rewrite.php(43): require_once('C:\\Users\\Yusuf ...')
#6 {main}
CRITICAL - 2021-12-23 21:42:30 --> Undefined index: gambar
#0 C:\Users\Yusuf Bagus SH\Documents\GitHub\perpustakaan-daerah\app\Views\Anggota\ListBuku.php(13): CodeIgniter\Debug\Exceptions->errorHandler(8, 'Undefined index...', 'C:\\Users\\Yusuf ...', 13, Array)
#1 C:\Users\Yusuf Bagus SH\Documents\GitHub\perpustakaan-daerah\vendor\codeigniter4\framework\system\View\View.php(214): include('C:\\Users\\Yusuf ...')
#2 C:\Users\Yusuf Bagus SH\Documents\GitHub\perpustakaan-daerah\vendor\codeigniter4\framework\system\View\View.php(217): CodeIgniter\View\View->CodeIgniter\View\{closure}()
#3 C:\Users\Yusuf Bagus SH\Documents\GitHub\perpustakaan-daerah\vendor\codeigniter4\framework\system\Common.php(1097): CodeIgniter\View\View->render('anggota/listbuk...', Array, true)
#4 C:\Users\Yusuf Bagus SH\Documents\GitHub\perpustakaan-daerah\app\Controllers\Anggota.php(191): view('anggota/listbuk...', Array)
#5 C:\Users\Yusuf Bagus SH\Documents\GitHub\perpustakaan-daerah\vendor\codeigniter4\framework\system\CodeIgniter.php(824): App\Controllers\Anggota->listbuku()
#6 C:\Users\Yusuf Bagus SH\Documents\GitHub\perpustakaan-daerah\vendor\codeigniter4\framework\system\CodeIgniter.php(410): CodeIgniter\CodeIgniter->runController(Object(App\Controllers\Anggota))
#7 C:\Users\Yusuf Bagus SH\Documents\GitHub\perpustakaan-daerah\vendor\codeigniter4\framework\system\CodeIgniter.php(318): CodeIgniter\CodeIgniter->handleRequest(NULL, Object(Config\Cache), false)
#8 C:\Users\Yusuf Bagus SH\Documents\GitHub\perpustakaan-daerah\public\index.php(37): CodeIgniter\CodeIgniter->run()
#9 C:\Users\Yusuf Bagus SH\Documents\GitHub\perpustakaan-daerah\vendor\codeigniter4\framework\system\Commands\Server\rewrite.php(43): require_once('C:\\Users\\Yusuf ...')
#10 {main}
CRITICAL - 2021-12-23 21:43:38 --> Undefined index: judul
#0 C:\Users\Yusuf Bagus SH\Documents\GitHub\perpustakaan-daerah\app\Views\Anggota\ListBuku.php(18): CodeIgniter\Debug\Exceptions->errorHandler(8, 'Undefined index...', 'C:\\Users\\Yusuf ...', 18, Array)
#1 C:\Users\Yusuf Bagus SH\Documents\GitHub\perpustakaan-daerah\vendor\codeigniter4\framework\system\View\View.php(214): include('C:\\Users\\Yusuf ...')
#2 C:\Users\Yusuf Bagus SH\Documents\GitHub\perpustakaan-daerah\vendor\codeigniter4\framework\system\View\View.php(217): CodeIgniter\View\View->CodeIgniter\View\{closure}()
#3 C:\Users\Yusuf Bagus SH\Documents\GitHub\perpustakaan-daerah\vendor\codeigniter4\framework\system\Common.php(1097): CodeIgniter\View\View->render('anggota/listbuk...', Array, true)
#4 C:\Users\Yusuf Bagus SH\Documents\GitHub\perpustakaan-daerah\app\Controllers\Anggota.php(191): view('anggota/listbuk...', Array)
#5 C:\Users\Yusuf Bagus SH\Documents\GitHub\perpustakaan-daerah\vendor\codeigniter4\framework\system\CodeIgniter.php(824): App\Controllers\Anggota->listbuku()
#6 C:\Users\Yusuf Bagus SH\Documents\GitHub\perpustakaan-daerah\vendor\codeigniter4\framework\system\CodeIgniter.php(410): CodeIgniter\CodeIgniter->runController(Object(App\Controllers\Anggota))
#7 C:\Users\Yusuf Bagus SH\Documents\GitHub\perpustakaan-daerah\vendor\codeigniter4\framework\system\CodeIgniter.php(318): CodeIgniter\CodeIgniter->handleRequest(NULL, Object(Config\Cache), false)
#8 C:\Users\Yusuf Bagus SH\Documents\GitHub\perpustakaan-daerah\public\index.php(37): CodeIgniter\CodeIgniter->run()
#9 C:\Users\Yusuf Bagus SH\Documents\GitHub\perpustakaan-daerah\vendor\codeigniter4\framework\system\Commands\Server\rewrite.php(43): require_once('C:\\Users\\Yusuf ...')
#10 {main}
CRITICAL - 2021-12-23 21:44:37 --> Undefined index: stok
#0 C:\Users\Yusuf Bagus SH\Documents\GitHub\perpustakaan-daerah\app\Views\Anggota\ListBuku.php(28): CodeIgniter\Debug\Exceptions->errorHandler(8, 'Undefined index...', 'C:\\Users\\Yusuf ...', 28, Array)
#1 C:\Users\Yusuf Bagus SH\Documents\GitHub\perpustakaan-daerah\vendor\codeigniter4\framework\system\View\View.php(214): include('C:\\Users\\Yusuf ...')
#2 C:\Users\Yusuf Bagus SH\Documents\GitHub\perpustakaan-daerah\vendor\codeigniter4\framework\system\View\View.php(217): CodeIgniter\View\View->CodeIgniter\View\{closure}()
#3 C:\Users\Yusuf Bagus SH\Documents\GitHub\perpustakaan-daerah\vendor\codeigniter4\framework\system\Common.php(1097): CodeIgniter\View\View->render('anggota/listbuk...', Array, true)
#4 C:\Users\Yusuf Bagus SH\Documents\GitHub\perpustakaan-daerah\app\Controllers\Anggota.php(191): view('anggota/listbuk...', Array)
#5 C:\Users\Yusuf Bagus SH\Documents\GitHub\perpustakaan-daerah\vendor\codeigniter4\framework\system\CodeIgniter.php(824): App\Controllers\Anggota->listbuku()
#6 C:\Users\Yusuf Bagus SH\Documents\GitHub\perpustakaan-daerah\vendor\codeigniter4\framework\system\CodeIgniter.php(410): CodeIgniter\CodeIgniter->runController(Object(App\Controllers\Anggota))
#7 C:\Users\Yusuf Bagus SH\Documents\GitHub\perpustakaan-daerah\vendor\codeigniter4\framework\system\CodeIgniter.php(318): CodeIgniter\CodeIgniter->handleRequest(NULL, Object(Config\Cache), false)
#8 C:\Users\Yusuf Bagus SH\Documents\GitHub\perpustakaan-daerah\public\index.php(37): CodeIgniter\CodeIgniter->run()
#9 C:\Users\Yusuf Bagus SH\Documents\GitHub\perpustakaan-daerah\vendor\codeigniter4\framework\system\Commands\Server\rewrite.php(43): require_once('C:\\Users\\Yusuf ...')
#10 {main}
CRITICAL - 2021-12-23 21:44:54 --> include(detailBuku.php): failed to open stream: No such file or directory
#0 C:\Users\Yusuf Bagus SH\Documents\GitHub\perpustakaan-daerah\app\Views\Anggota\ListBuku.php(37): CodeIgniter\Debug\Exceptions->errorHandler(2, 'include(detailB...', 'C:\\Users\\Yusuf ...', 37, Array)
#1 C:\Users\Yusuf Bagus SH\Documents\GitHub\perpustakaan-daerah\app\Views\Anggota\ListBuku.php(37): include()
#2 C:\Users\Yusuf Bagus SH\Documents\GitHub\perpustakaan-daerah\vendor\codeigniter4\framework\system\View\View.php(214): include('C:\\Users\\Yusuf ...')
#3 C:\Users\Yusuf Bagus SH\Documents\GitHub\perpustakaan-daerah\vendor\codeigniter4\framework\system\View\View.php(217): CodeIgniter\View\View->CodeIgniter\View\{closure}()
#4 C:\Users\Yusuf Bagus SH\Documents\GitHub\perpustakaan-daerah\vendor\codeigniter4\framework\system\Common.php(1097): CodeIgniter\View\View->render('anggota/listbuk...', Array, true)
#5 C:\Users\Yusuf Bagus SH\Documents\GitHub\perpustakaan-daerah\app\Controllers\Anggota.php(191): view('anggota/listbuk...', Array)
#6 C:\Users\Yusuf Bagus SH\Documents\GitHub\perpustakaan-daerah\vendor\codeigniter4\framework\system\CodeIgniter.php(824): App\Controllers\Anggota->listbuku()
#7 C:\Users\Yusuf Bagus SH\Documents\GitHub\perpustakaan-daerah\vendor\codeigniter4\framework\system\CodeIgniter.php(410): CodeIgniter\CodeIgniter->runController(Object(App\Controllers\Anggota))
#8 C:\Users\Yusuf Bagus SH\Documents\GitHub\perpustakaan-daerah\vendor\codeigniter4\framework\system\CodeIgniter.php(318): CodeIgniter\CodeIgniter->handleRequest(NULL, Object(Config\Cache), false)
#9 C:\Users\Yusuf Bagus SH\Documents\GitHub\perpustakaan-daerah\public\index.php(37): CodeIgniter\CodeIgniter->run()
#10 C:\Users\Yusuf Bagus SH\Documents\GitHub\perpustakaan-daerah\vendor\codeigniter4\framework\system\Commands\Server\rewrite.php(43): require_once('C:\\Users\\Yusuf ...')
#11 {main}
CRITICAL - 2021-12-23 21:45:20 --> Undefined variable: rows
#0 C:\Users\Yusuf Bagus SH\Documents\GitHub\perpustakaan-daerah\app\Views\Anggota\ListBuku.php(39): CodeIgniter\Debug\Exceptions->errorHandler(8, 'Undefined varia...', 'C:\\Users\\Yusuf ...', 39, Array)
#1 C:\Users\Yusuf Bagus SH\Documents\GitHub\perpustakaan-daerah\vendor\codeigniter4\framework\system\View\View.php(214): include('C:\\Users\\Yusuf ...')
#2 C:\Users\Yusuf Bagus SH\Documents\GitHub\perpustakaan-daerah\vendor\codeigniter4\framework\system\View\View.php(217): CodeIgniter\View\View->CodeIgniter\View\{closure}()
#3 C:\Users\Yusuf Bagus SH\Documents\GitHub\perpustakaan-daerah\vendor\codeigniter4\framework\system\Common.php(1097): CodeIgniter\View\View->render('anggota/listbuk...', Array, true)
#4 C:\Users\Yusuf Bagus SH\Documents\GitHub\perpustakaan-daerah\app\Controllers\Anggota.php(191): view('anggota/listbuk...', Array)
#5 C:\Users\Yusuf Bagus SH\Documents\GitHub\perpustakaan-daerah\vendor\codeigniter4\framework\system\CodeIgniter.php(824): App\Controllers\Anggota->listbuku()
#6 C:\Users\Yusuf Bagus SH\Documents\GitHub\perpustakaan-daerah\vendor\codeigniter4\framework\system\CodeIgniter.php(410): CodeIgniter\CodeIgniter->runController(Object(App\Controllers\Anggota))
#7 C:\Users\Yusuf Bagus SH\Documents\GitHub\perpustakaan-daerah\vendor\codeigniter4\framework\system\CodeIgniter.php(318): CodeIgniter\CodeIgniter->handleRequest(NULL, Object(Config\Cache), false)
#8 C:\Users\Yusuf Bagus SH\Documents\GitHub\perpustakaan-daerah\public\index.php(37): CodeIgniter\CodeIgniter->run()
#9 C:\Users\Yusuf Bagus SH\Documents\GitHub\perpustakaan-daerah\vendor\codeigniter4\framework\system\Commands\Server\rewrite.php(43): require_once('C:\\Users\\Yusuf ...')
#10 {main}
CRITICAL - 2021-12-23 21:46:16 --> Undefined variable: rows
#0 C:\Users\Yusuf Bagus SH\Documents\GitHub\perpustakaan-daerah\app\Views\Anggota\ListBuku.php(34): CodeIgniter\Debug\Exceptions->errorHandler(8, 'Undefined varia...', 'C:\\Users\\Yusuf ...', 34, Array)
#1 C:\Users\Yusuf Bagus SH\Documents\GitHub\perpustakaan-daerah\vendor\codeigniter4\framework\system\View\View.php(214): include('C:\\Users\\Yusuf ...')
#2 C:\Users\Yusuf Bagus SH\Documents\GitHub\perpustakaan-daerah\vendor\codeigniter4\framework\system\View\View.php(217): CodeIgniter\View\View->CodeIgniter\View\{closure}()
#3 C:\Users\Yusuf Bagus SH\Documents\GitHub\perpustakaan-daerah\vendor\codeigniter4\framework\system\Common.php(1097): CodeIgniter\View\View->render('anggota/listbuk...', Array, true)
#4 C:\Users\Yusuf Bagus SH\Documents\GitHub\perpustakaan-daerah\app\Controllers\Anggota.php(191): view('anggota/listbuk...', Array)
#5 C:\Users\Yusuf Bagus SH\Documents\GitHub\perpustakaan-daerah\vendor\codeigniter4\framework\system\CodeIgniter.php(824): App\Controllers\Anggota->listbuku()
#6 C:\Users\Yusuf Bagus SH\Documents\GitHub\perpustakaan-daerah\vendor\codeigniter4\framework\system\CodeIgniter.php(410): CodeIgniter\CodeIgniter->runController(Object(App\Controllers\Anggota))
#7 C:\Users\Yusuf Bagus SH\Documents\GitHub\perpustakaan-daerah\vendor\codeigniter4\framework\system\CodeIgniter.php(318): CodeIgniter\CodeIgniter->handleRequest(NULL, Object(Config\Cache), false)
#8 C:\Users\Yusuf Bagus SH\Documents\GitHub\perpustakaan-daerah\public\index.php(37): CodeIgniter\CodeIgniter->run()
#9 C:\Users\Yusuf Bagus SH\Documents\GitHub\perpustakaan-daerah\vendor\codeigniter4\framework\system\Commands\Server\rewrite.php(43): require_once('C:\\Users\\Yusuf ...')
#10 {main}
CRITICAL - 2021-12-23 23:24:15 --> Invalid file: template/navbar.php
#0 C:\Users\Yusuf Bagus SH\Documents\GitHub\perpustakaan-daerah\vendor\codeigniter4\framework\system\View\View.php(198): CodeIgniter\Exceptions\FrameworkException::forInvalidFile('template/navbar...')
#1 C:\Users\Yusuf Bagus SH\Documents\GitHub\perpustakaan-daerah\vendor\codeigniter4\framework\system\View\View.php(432): CodeIgniter\View\View->render('template/navbar', NULL, true)
#2 C:\Users\Yusuf Bagus SH\Documents\GitHub\perpustakaan-daerah\app\Views\Buku\Template\Template.php(29): CodeIgniter\View\View->include('template/navbar')
#3 C:\Users\Yusuf Bagus SH\Documents\GitHub\perpustakaan-daerah\vendor\codeigniter4\framework\system\View\View.php(214): include('C:\\Users\\Yusuf ...')
#4 C:\Users\Yusuf Bagus SH\Documents\GitHub\perpustakaan-daerah\vendor\codeigniter4\framework\system\View\View.php(217): CodeIgniter\View\View->CodeIgniter\View\{closure}()
#5 C:\Users\Yusuf Bagus SH\Documents\GitHub\perpustakaan-daerah\vendor\codeigniter4\framework\system\View\View.php(230): CodeIgniter\View\View->render('buku/template/t...', Array, true)
#6 C:\Users\Yusuf Bagus SH\Documents\GitHub\perpustakaan-daerah\vendor\codeigniter4\framework\system\Common.php(1097): CodeIgniter\View\View->render('buku/listbukuan...', Array, true)
#7 C:\Users\Yusuf Bagus SH\Documents\GitHub\perpustakaan-daerah\app\Controllers\Buku.php(253): view('buku/listbukuan...', Array)
#8 C:\Users\Yusuf Bagus SH\Documents\GitHub\perpustakaan-daerah\vendor\codeigniter4\framework\system\CodeIgniter.php(824): App\Controllers\Buku->listbukuanggota()
#9 C:\Users\Yusuf Bagus SH\Documents\GitHub\perpustakaan-daerah\vendor\codeigniter4\framework\system\CodeIgniter.php(410): CodeIgniter\CodeIgniter->runController(Object(App\Controllers\Buku))
#10 C:\Users\Yusuf Bagus SH\Documents\GitHub\perpustakaan-daerah\vendor\codeigniter4\framework\system\CodeIgniter.php(318): CodeIgniter\CodeIgniter->handleRequest(NULL, Object(Config\Cache), false)
#11 C:\Users\Yusuf Bagus SH\Documents\GitHub\perpustakaan-daerah\public\index.php(37): CodeIgniter\CodeIgniter->run()
#12 C:\Users\Yusuf Bagus SH\Documents\GitHub\perpustakaan-daerah\vendor\codeigniter4\framework\system\Commands\Server\rewrite.php(43): require_once('C:\\Users\\Yusuf ...')
#13 {main}
CRITICAL - 2021-12-23 23:30:25 --> Invalid file: template/navbar.php
#0 C:\Users\Yusuf Bagus SH\Documents\GitHub\perpustakaan-daerah\vendor\codeigniter4\framework\system\View\View.php(198): CodeIgniter\Exceptions\FrameworkException::forInvalidFile('template/navbar...')
#1 C:\Users\Yusuf Bagus SH\Documents\GitHub\perpustakaan-daerah\vendor\codeigniter4\framework\system\View\View.php(432): CodeIgniter\View\View->render('template/navbar', NULL, true)
#2 C:\Users\Yusuf Bagus SH\Documents\GitHub\perpustakaan-daerah\app\Views\Buku\Template\Template.php(28): CodeIgniter\View\View->include('template/navbar')
#3 C:\Users\Yusuf Bagus SH\Documents\GitHub\perpustakaan-daerah\vendor\codeigniter4\framework\system\View\View.php(214): include('C:\\Users\\Yusuf ...')
#4 C:\Users\Yusuf Bagus SH\Documents\GitHub\perpustakaan-daerah\vendor\codeigniter4\framework\system\View\View.php(217): CodeIgniter\View\View->CodeIgniter\View\{closure}()
#5 C:\Users\Yusuf Bagus SH\Documents\GitHub\perpustakaan-daerah\vendor\codeigniter4\framework\system\View\View.php(230): CodeIgniter\View\View->render('buku/template/t...', Array, true)
#6 C:\Users\Yusuf Bagus SH\Documents\GitHub\perpustakaan-daerah\vendor\codeigniter4\framework\system\Common.php(1097): CodeIgniter\View\View->render('buku/listbukuan...', Array, true)
#7 C:\Users\Yusuf Bagus SH\Documents\GitHub\perpustakaan-daerah\app\Controllers\Buku.php(253): view('buku/listbukuan...', Array)
#8 C:\Users\Yusuf Bagus SH\Documents\GitHub\perpustakaan-daerah\vendor\codeigniter4\framework\system\CodeIgniter.php(824): App\Controllers\Buku->listbukuanggota()
#9 C:\Users\Yusuf Bagus SH\Documents\GitHub\perpustakaan-daerah\vendor\codeigniter4\framework\system\CodeIgniter.php(410): CodeIgniter\CodeIgniter->runController(Object(App\Controllers\Buku))
#10 C:\Users\Yusuf Bagus SH\Documents\GitHub\perpustakaan-daerah\vendor\codeigniter4\framework\system\CodeIgniter.php(318): CodeIgniter\CodeIgniter->handleRequest(NULL, Object(Config\Cache), false)
#11 C:\Users\Yusuf Bagus SH\Documents\GitHub\perpustakaan-daerah\public\index.php(37): CodeIgniter\CodeIgniter->run()
#12 C:\Users\Yusuf Bagus SH\Documents\GitHub\perpustakaan-daerah\vendor\codeigniter4\framework\system\Commands\Server\rewrite.php(43): require_once('C:\\Users\\Yusuf ...')
#13 {main}
